Determining if the pthread_create exist failed with the following output:
Change Dir: /mnt/c/Users/annak/KPI/magisrt_dyploma/DRL_Navigation/catkin_ws/build_isolated/velodyne_simulator/CMakeFiles/CMakeTmp

Run Build Command:"/usr/bin/make" "cmTC_07d9b/fast"
/usr/bin/make -f CMakeFiles/cmTC_07d9b.dir/build.make CMakeFiles/cmTC_07d9b.dir/build
make[1]: Entering directory '/mnt/c/Users/annak/KPI/magisrt_dyploma/DRL_Navigation/catkin_ws/build_isolated/velodyne_simulator/CMakeFiles/CMakeTmp'
Building C object CMakeFiles/cmTC_07d9b.dir/CheckSymbolExists.c.o
/usr/bin/cc    -o CMakeFiles/cmTC_07d9b.dir/CheckSymbolExists.c.o   -c /mnt/c/Users/annak/KPI/magisrt_dyploma/DRL_Navigation/catkin_ws/build_isolated/velodyne_simulator/CMakeFiles/CMakeTmp/CheckSymbolExists.c
Linking C executable cmTC_07d9b
/usr/bin/cmake -E cmake_link_script CMakeFiles/cmTC_07d9b.dir/link.txt --verbose=1
/usr/bin/cc      -rdynamic CMakeFiles/cmTC_07d9b.dir/CheckSymbolExists.c.o  -o cmTC_07d9b 
CMakeFiles/cmTC_07d9b.dir/CheckSymbolExists.c.o: In function `main':
CheckSymbolExists.c:(.text+0x1b): undefined reference to `pthread_create'
collect2: error: ld returned 1 exit status
CMakeFiles/cmTC_07d9b.dir/build.make:97: recipe for target 'cmTC_07d9b' failed
make[1]: *** [cmTC_07d9b] Error 1
make[1]: Leaving directory '/mnt/c/Users/annak/KPI/magisrt_dyploma/DRL_Navigation/catkin_ws/build_isolated/velodyne_simulator/CMakeFiles/CMakeTmp'
Makefile:126: recipe for target 'cmTC_07d9b/fast' failed
make: *** [cmTC_07d9b/fast] Error 2

File /mnt/c/Users/annak/KPI/magisrt_dyploma/DRL_Navigation/catkin_ws/build_isolated/velodyne_simulator/CMakeFiles/CMakeTmp/CheckSymbolExists.c:
/* */
#include <pthread.h>

int main(int argc, char** argv)
{
  (void)argv;
#ifndef pthread_create
  return ((int*)(&pthread_create))[argc];
#else
  (void)argc;
  return 0;
#endif
}

Determining if the function pthread_create exists in the pthreads failed with the following output:
Change Dir: /mnt/c/Users/annak/KPI/magisrt_dyploma/DRL_Navigation/catkin_ws/build_isolated/velodyne_simulator/CMakeFiles/CMakeTmp

Run Build Command:"/usr/bin/make" "cmTC_a835a/fast"
/usr/bin/make -f CMakeFiles/cmTC_a835a.dir/build.make CMakeFiles/cmTC_a835a.dir/build
make[1]: Entering directory '/mnt/c/Users/annak/KPI/magisrt_dyploma/DRL_Navigation/catkin_ws/build_isolated/velodyne_simulator/CMakeFiles/CMakeTmp'
Building C object CMakeFiles/cmTC_a835a.dir/CheckFunctionExists.c.o
/usr/bin/cc   -DCHECK_FUNCTION_EXISTS=pthread_create   -o CMakeFiles/cmTC_a835a.dir/CheckFunctionExists.c.o   -c /usr/share/cmake-3.10/Modules/CheckFunctionExists.c
Linking C executable cmTC_a835a
/usr/bin/cmake -E cmake_link_script CMakeFiles/cmTC_a835a.dir/link.txt --verbose=1
/usr/bin/cc  -DCHECK_FUNCTION_EXISTS=pthread_create    -rdynamic CMakeFiles/cmTC_a835a.dir/CheckFunctionExists.c.o  -o cmTC_a835a -lpthreads 
/usr/bin/ld: cannot find -lpthreads
collect2: error: ld returned 1 exit status
CMakeFiles/cmTC_a835a.dir/build.make:97: recipe for target 'cmTC_a835a' failed
make[1]: *** [cmTC_a835a] Error 1
make[1]: Leaving directory '/mnt/c/Users/annak/KPI/magisrt_dyploma/DRL_Navigation/catkin_ws/build_isolated/velodyne_simulator/CMakeFiles/CMakeTmp'
Makefile:126: recipe for target 'cmTC_a835a/fast' failed
make: *** [cmTC_a835a/fast] Error 2


